22-Jan-2025 16:11:46.564 INFO [main] org.apache.catalina.startup.VersionLoggerListener.log Server version name:   Apache Tomcat/11.0.0
22-Jan-2025 16:11:46.575 INFO [main] org.apache.catalina.startup.VersionLoggerListener.log Server built:          Oct 3 2024 17:00:16 UTC
22-Jan-2025 16:11:46.576 INFO [main] org.apache.catalina.startup.VersionLoggerListener.log Server version number: 11.0.0.0
22-Jan-2025 16:11:46.576 INFO [main] org.apache.catalina.startup.VersionLoggerListener.log OS Name:               Windows 11
22-Jan-2025 16:11:46.576 INFO [main] org.apache.catalina.startup.VersionLoggerListener.log OS Version:            10.0
22-Jan-2025 16:11:46.577 INFO [main] org.apache.catalina.startup.VersionLoggerListener.log Architecture:          amd64
22-Jan-2025 16:11:46.577 INFO [main] org.apache.catalina.startup.VersionLoggerListener.log Java Home:             C:\Program Files\Java\jdk-17
22-Jan-2025 16:11:46.577 INFO [main] org.apache.catalina.startup.VersionLoggerListener.log JVM Version:           17.0.13+10-LTS-268
22-Jan-2025 16:11:46.577 INFO [main] org.apache.catalina.startup.VersionLoggerListener.log JVM Vendor:            Oracle Corporation
22-Jan-2025 16:11:46.578 INFO [main] org.apache.catalina.startup.VersionLoggerListener.log CATALINA_BASE:         C:\Users\Ahmed Mohamed\Documents\example-projects\Amazon-El8alaba
22-Jan-2025 16:11:46.579 INFO [main] org.apache.catalina.startup.VersionLoggerListener.log CATALINA_HOME:         C:\Program Files\Apache Software Foundation\Tomcat 11.0
22-Jan-2025 16:11:46.615 INFO [main] org.apache.catalina.startup.VersionLoggerListener.log Command line argument: --add-opens=java.base/java.lang=ALL-UNNAMED
22-Jan-2025 16:11:46.615 INFO [main] org.apache.catalina.startup.VersionLoggerListener.log Command line argument: --add-opens=java.base/java.io=ALL-UNNAMED
22-Jan-2025 16:11:46.615 INFO [main] org.apache.catalina.startup.VersionLoggerListener.log Command line argument: --add-opens=java.base/java.util=ALL-UNNAMED
22-Jan-2025 16:11:46.616 INFO [main] org.apache.catalina.startup.VersionLoggerListener.log Command line argument: --add-opens=java.base/java.util.concurrent=ALL-UNNAMED
22-Jan-2025 16:11:46.617 INFO [main] org.apache.catalina.startup.VersionLoggerListener.log Command line argument: --add-opens=java.rmi/sun.rmi.transport=ALL-UNNAMED
22-Jan-2025 16:11:46.617 INFO [main] org.apache.catalina.startup.VersionLoggerListener.log Command line argument: -Dcatalina.home=C:\Program Files\Apache Software Foundation\Tomcat 11.0
22-Jan-2025 16:11:46.618 INFO [main] org.apache.catalina.startup.VersionLoggerListener.log Command line argument: -Dcatalina.base=C:\Users\Ahmed Mohamed\Documents\example-projects\Amazon-El8alaba
22-Jan-2025 16:11:46.618 INFO [main] org.apache.catalina.startup.VersionLoggerListener.log Command line argument: -Djava.io.tmpdir=C:\Users\Ahmed Mohamed\Documents\example-projects\Amazon-El8alaba\temp
22-Jan-2025 16:11:46.618 INFO [main] org.apache.catalina.startup.VersionLoggerListener.log Command line argument: -Djava.util.logging.config.file=C:\Users\Ahmed Mohamed\Documents\example-projects\Amazon-El8alaba\conf\logging.properties
22-Jan-2025 16:11:46.619 INFO [main] org.apache.catalina.startup.VersionLoggerListener.log Command line argument: -Djava.util.logging.manager=org.apache.juli.ClassLoaderLogManager
22-Jan-2025 16:11:46.619 INFO [main] org.apache.catalina.startup.VersionLoggerListener.log Command line argument: -javaagent:C:\Program Files\JetBrains\IntelliJ IDEA 2024.3.1.1\lib\idea_rt.jar=2368:C:\Program Files\JetBrains\IntelliJ IDEA 2024.3.1.1\bin
22-Jan-2025 16:11:46.620 INFO [main] org.apache.catalina.startup.VersionLoggerListener.log Command line argument: -Dfile.encoding=UTF-8
22-Jan-2025 16:11:46.650 INFO [main] org.apache.catalina.core.AprLifecycleListener.lifecycleEvent The Apache Tomcat Native library which allows using OpenSSL was not found on the java.library.path: [C:\Program Files\Java\jdk-17\bin;C:\Windows\Sun\Java\bin;C:\Windows\system32;C:\Windows;C:\Program Files\Python313\Scripts\;C:\Program Files\Python313\;C:\Program Files\Common Files\Oracle\Java\javapath;C:\Windows\system32;C:\Windows;C:\Windows\System32\Wbem;C:\Windows\System32\WindowsPowerShell\v1.0\;C:\Windows\System32\OpenSSH\;C:\Program Files\Java\jdk-21\bin;C:\ProgramData\chocolatey\bin;C:\Program Files\apache-maven-3.9.9\bin;C:\Program Files\Git\cmd;C:\Program Files\Apache Software Foundation\Tomcat 11.0\bin;C:\Program Files\nodejs\;C:\Program Files\Docker\Docker\resources\bin;C:\Users\Ahmed Mohamed\AppData\Local\Microsoft\WindowsApps;C:\Users\Ahmed Mohamed\AppData\Local\Programs\Microsoft VS Code\bin;C:\Program Files\nodejs;C:\Program Files\JetBrains\IntelliJ IDEA Community Edition 2024.1.1\bin;;C:\Program Files\JetBrains\PyCharm Community Edition 2024.2.4\bin;;C:\Users\Ahmed Mohamed\AppData\Local\GitHubDesktop\bin;C:\Users\Ahmed Mohamed\AppData\Roaming\npm;C:\Program Files\JetBrains\WebStorm 2024.3.1.1\bin;;C:\Program Files\JetBrains\IntelliJ IDEA 2024.3.1.1\bin;;.]
22-Jan-2025 16:11:47.273 INFO [main] org.apache.coyote.AbstractProtocol.init Initializing ProtocolHandler ["http-nio-8080"]
22-Jan-2025 16:11:47.328 INFO [main] org.apache.catalina.startup.Catalina.load Server initialization in [1330] milliseconds
22-Jan-2025 16:11:47.481 INFO [main] org.apache.catalina.core.StandardService.startInternal Starting service [Catalina]
22-Jan-2025 16:11:47.482 INFO [main] org.apache.catalina.core.StandardEngine.startInternal Starting Servlet engine: [Apache Tomcat/11.0.0]
22-Jan-2025 16:11:47.518 INFO [main] org.apache.catalina.startup.HostConfig.deployDescriptor Deploying deployment descriptor [C:\Users\Ahmed Mohamed\Documents\example-projects\Amazon-El8alaba\conf\Catalina\localhost\registration.xml]
22-Jan-2025 16:11:47.581 WARNING [main] org.apache.catalina.startup.HostConfig.deployDescriptor The path attribute with value [/registration] in deployment descriptor [C:\Users\Ahmed Mohamed\Documents\example-projects\Amazon-El8alaba\conf\Catalina\localhost\registration.xml] has been ignored
22-Jan-2025 16:11:48.144 SEVERE [main] org.apache.catalina.startup.HostConfig.deployDescriptor Error deploying deployment descriptor [C:\Users\Ahmed Mohamed\Documents\example-projects\Amazon-El8alaba\conf\Catalina\localhost\registration.xml]
	java.lang.IllegalStateException: Error starting child
		at org.apache.catalina.core.ContainerBase.addChild(ContainerBase.java:569)
		at org.apache.catalina.core.StandardHost.addChild(StandardHost.java:653)
		at org.apache.catalina.startup.HostConfig.deployDescriptor(HostConfig.java:599)
		at org.apache.catalina.startup.HostConfig$DeployDescriptor.run(HostConfig.java:1853)
		at java.base/java.util.concurrent.Executors$RunnableAdapter.call(Executors.java:539)
		at java.base/java.util.concurrent.FutureTask.run(FutureTask.java:264)
		at org.apache.tomcat.util.threads.InlineExecutorService.execute(InlineExecutorService.java:75)
		at java.base/java.util.concurrent.AbstractExecutorService.submit(AbstractExecutorService.java:123)
		at org.apache.catalina.startup.HostConfig.deployDescriptors(HostConfig.java:494)
		at org.apache.catalina.startup.HostConfig.deployApps(HostConfig.java:385)
		at org.apache.catalina.startup.HostConfig.start(HostConfig.java:1593)
		at org.apache.catalina.startup.HostConfig.lifecycleEvent(HostConfig.java:267)
		at org.apache.catalina.util.LifecycleBase.fireLifecycleEvent(LifecycleBase.java:109)
		at org.apache.catalina.util.LifecycleBase.setStateInternal(LifecycleBase.java:385)
		at org.apache.catalina.util.LifecycleBase.setState(LifecycleBase.java:332)
		at org.apache.catalina.core.ContainerBase.startInternal(ContainerBase.java:743)
		at org.apache.catalina.core.StandardHost.startInternal(StandardHost.java:771)
		at org.apache.catalina.util.LifecycleBase.start(LifecycleBase.java:164)
		at org.apache.catalina.core.ContainerBase$StartChild.call(ContainerBase.java:1170)
		at org.apache.catalina.core.ContainerBase$StartChild.call(ContainerBase.java:1160)
		at java.base/java.util.concurrent.FutureTask.run(FutureTask.java:264)
		at org.apache.tomcat.util.threads.InlineExecutorService.execute(InlineExecutorService.java:75)
		at java.base/java.util.concurrent.AbstractExecutorService.submit(AbstractExecutorService.java:145)
		at org.apache.catalina.core.ContainerBase.startInternal(ContainerBase.java:716)
		at org.apache.catalina.core.StandardEngine.startInternal(StandardEngine.java:203)
		at org.apache.catalina.util.LifecycleBase.start(LifecycleBase.java:164)
		at org.apache.catalina.core.StandardService.startInternal(StandardService.java:415)
		at org.apache.catalina.util.LifecycleBase.start(LifecycleBase.java:164)
		at org.apache.catalina.core.StandardServer.startInternal(StandardServer.java:866)
		at org.apache.catalina.util.LifecycleBase.start(LifecycleBase.java:164)
		at org.apache.catalina.startup.Catalina.start(Catalina.java:755)
		at java.base/jdk.internal.reflect.NativeMethodAccessorImpl.invoke0(Native Method)
		at java.base/jdk.internal.reflect.NativeMethodAccessorImpl.invoke(NativeMethodAccessorImpl.java:77)
		at java.base/jdk.internal.reflect.DelegatingMethodAccessorImpl.invoke(DelegatingMethodAccessorImpl.java:43)
		at java.base/java.lang.reflect.Method.invoke(Method.java:568)
		at org.apache.catalina.startup.Bootstrap.start(Bootstrap.java:342)
		at org.apache.catalina.startup.Bootstrap.main(Bootstrap.java:470)
	Caused by: org.apache.catalina.LifecycleException: Failed to start component [StandardEngine[Catalina].StandardHost[localhost].StandardContext[/registration]]
		at org.apache.catalina.util.LifecycleBase.handleSubClassException(LifecycleBase.java:402)
		at org.apache.catalina.util.LifecycleBase.start(LifecycleBase.java:179)
		at org.apache.catalina.core.ContainerBase.addChild(ContainerBase.java:566)
		... 36 more
	Caused by: java.lang.IllegalArgumentException: The servlets named [RegisterServlet] and [Main.RegisterServlet] are both mapped to the url-pattern [/register] which is not permitted
		at org.apache.tomcat.util.descriptor.web.WebXml.addServletMappingDecoded(WebXml.java:358)
		at org.apache.tomcat.util.descriptor.web.WebXml.addServletMapping(WebXml.java:351)
		at org.apache.catalina.startup.ContextConfig.processAnnotationWebServlet(ContextConfig.java:2539)
		at org.apache.catalina.startup.ContextConfig.processClass(ContextConfig.java:2244)
		at org.apache.catalina.startup.ContextConfig.processAnnotationsStream(ContextConfig.java:2233)
		at org.apache.catalina.startup.ContextConfig.processAnnotationsWebResource(ContextConfig.java:2143)
		at org.apache.catalina.startup.ContextConfig.processAnnotationsWebResource(ContextConfig.java:2138)
		at org.apache.catalina.startup.ContextConfig.processClasses(ContextConfig.java:1351)
		at org.apache.catalina.startup.ContextConfig.webConfig(ContextConfig.java:1261)
		at org.apache.catalina.startup.ContextConfig.configureStart(ContextConfig.java:961)
		at org.apache.catalina.startup.ContextConfig.lifecycleEvent(ContextConfig.java:290)
		at org.apache.catalina.util.LifecycleBase.fireLifecycleEvent(LifecycleBase.java:109)
		at org.apache.catalina.core.StandardContext.startInternal(StandardContext.java:4298)
		at org.apache.catalina.util.LifecycleBase.start(LifecycleBase.java:164)
		... 37 more
22-Jan-2025 16:11:48.154 INFO [main] org.apache.catalina.startup.HostConfig.deployDescriptor Deployment of deployment descriptor [C:\Users\Ahmed Mohamed\Documents\example-projects\Amazon-El8alaba\conf\Catalina\localhost\registration.xml] has finished in [635] ms
22-Jan-2025 16:11:48.155 INFO [main] org.apache.catalina.startup.HostConfig.deployDescriptor Deploying deployment descriptor [C:\Users\Ahmed Mohamed\Documents\example-projects\Amazon-El8alaba\conf\Catalina\localhost\RegistrationServletApp.xml]
22-Jan-2025 16:11:48.157 WARNING [main] org.apache.catalina.startup.HostConfig.deployDescriptor The path attribute with value [/RegistrationServletApp] in deployment descriptor [C:\Users\Ahmed Mohamed\Documents\example-projects\Amazon-El8alaba\conf\Catalina\localhost\RegistrationServletApp.xml] has been ignored
22-Jan-2025 16:11:48.166 SEVERE [main] org.apache.catalina.startup.HostConfig.deployDescriptor Error deploying deployment descriptor [C:\Users\Ahmed Mohamed\Documents\example-projects\Amazon-El8alaba\conf\Catalina\localhost\RegistrationServletApp.xml]
	java.lang.IllegalStateException: Error starting child
		at org.apache.catalina.core.ContainerBase.addChild(ContainerBase.java:569)
		at org.apache.catalina.core.StandardHost.addChild(StandardHost.java:653)
		at org.apache.catalina.startup.HostConfig.deployDescriptor(HostConfig.java:599)
		at org.apache.catalina.startup.HostConfig$DeployDescriptor.run(HostConfig.java:1853)
		at java.base/java.util.concurrent.Executors$RunnableAdapter.call(Executors.java:539)
		at java.base/java.util.concurrent.FutureTask.run(FutureTask.java:264)
		at org.apache.tomcat.util.threads.InlineExecutorService.execute(InlineExecutorService.java:75)
		at java.base/java.util.concurrent.AbstractExecutorService.submit(AbstractExecutorService.java:123)
		at org.apache.catalina.startup.HostConfig.deployDescriptors(HostConfig.java:494)
		at org.apache.catalina.startup.HostConfig.deployApps(HostConfig.java:385)
		at org.apache.catalina.startup.HostConfig.start(HostConfig.java:1593)
		at org.apache.catalina.startup.HostConfig.lifecycleEvent(HostConfig.java:267)
		at org.apache.catalina.util.LifecycleBase.fireLifecycleEvent(LifecycleBase.java:109)
		at org.apache.catalina.util.LifecycleBase.setStateInternal(LifecycleBase.java:385)
		at org.apache.catalina.util.LifecycleBase.setState(LifecycleBase.java:332)
		at org.apache.catalina.core.ContainerBase.startInternal(ContainerBase.java:743)
		at org.apache.catalina.core.StandardHost.startInternal(StandardHost.java:771)
		at org.apache.catalina.util.LifecycleBase.start(LifecycleBase.java:164)
		at org.apache.catalina.core.ContainerBase$StartChild.call(ContainerBase.java:1170)
		at org.apache.catalina.core.ContainerBase$StartChild.call(ContainerBase.java:1160)
		at java.base/java.util.concurrent.FutureTask.run(FutureTask.java:264)
		at org.apache.tomcat.util.threads.InlineExecutorService.execute(InlineExecutorService.java:75)
		at java.base/java.util.concurrent.AbstractExecutorService.submit(AbstractExecutorService.java:145)
		at org.apache.catalina.core.ContainerBase.startInternal(ContainerBase.java:716)
		at org.apache.catalina.core.StandardEngine.startInternal(StandardEngine.java:203)
		at org.apache.catalina.util.LifecycleBase.start(LifecycleBase.java:164)
		at org.apache.catalina.core.StandardService.startInternal(StandardService.java:415)
		at org.apache.catalina.util.LifecycleBase.start(LifecycleBase.java:164)
		at org.apache.catalina.core.StandardServer.startInternal(StandardServer.java:866)
		at org.apache.catalina.util.LifecycleBase.start(LifecycleBase.java:164)
		at org.apache.catalina.startup.Catalina.start(Catalina.java:755)
		at java.base/jdk.internal.reflect.NativeMethodAccessorImpl.invoke0(Native Method)
		at java.base/jdk.internal.reflect.NativeMethodAccessorImpl.invoke(NativeMethodAccessorImpl.java:77)
		at java.base/jdk.internal.reflect.DelegatingMethodAccessorImpl.invoke(DelegatingMethodAccessorImpl.java:43)
		at java.base/java.lang.reflect.Method.invoke(Method.java:568)
		at org.apache.catalina.startup.Bootstrap.start(Bootstrap.java:342)
		at org.apache.catalina.startup.Bootstrap.main(Bootstrap.java:470)
	Caused by: org.apache.catalina.LifecycleException: Failed to start component [org.apache.catalina.webresources.StandardRoot@3af0a9da]
		at org.apache.catalina.util.LifecycleBase.handleSubClassException(LifecycleBase.java:402)
		at org.apache.catalina.util.LifecycleBase.start(LifecycleBase.java:179)
		at org.apache.catalina.core.StandardContext.resourcesStart(StandardContext.java:4079)
		at org.apache.catalina.core.StandardContext.startInternal(StandardContext.java:4201)
		at org.apache.catalina.util.LifecycleBase.start(LifecycleBase.java:164)
		at org.apache.catalina.core.ContainerBase.addChild(ContainerBase.java:566)
		... 36 more
	Caused by: java.lang.IllegalArgumentException: The main resource set specified [C:\Users\Ahmed Mohamed\Documents\NetBeansProjects\RegistrationServletApp\target\RegistrationServletApp-1.0-SNAPSHOT] is not a directory or war file, or is not readable (it does not exist or permissions to access it are missing)
		at org.apache.catalina.webresources.StandardRoot.createMainResourceSet(StandardRoot.java:749)
		at org.apache.catalina.webresources.StandardRoot.startInternal(StandardRoot.java:707)
		at org.apache.catalina.util.LifecycleBase.start(LifecycleBase.java:164)
		... 40 more
22-Jan-2025 16:11:48.175 INFO [main] org.apache.catalina.startup.HostConfig.deployDescriptor Deployment of deployment descriptor [C:\Users\Ahmed Mohamed\Documents\example-projects\Amazon-El8alaba\conf\Catalina\localhost\RegistrationServletApp.xml] has finished in [20] ms
22-Jan-2025 16:11:48.177 INFO [main] org.apache.catalina.startup.HostConfig.deployDescriptor Deploying deployment descriptor [C:\Users\Ahmed Mohamed\Documents\example-projects\Amazon-El8alaba\conf\Catalina\localhost\ROOT.xml]
22-Jan-2025 16:11:51.661 INFO [main] org.apache.jasper.servlet.TldScanner.scanJars At least one JAR was scanned for TLDs yet contained no TLDs. Enable debug logging for this logger for a complete list of JARs that were scanned but no TLDs were found in them. Skipping unneeded JARs during scanning can improve startup time and JSP compilation time.
22-Jan-2025 16:11:51.863 INFO [main] org.apache.catalina.startup.HostConfig.deployDescriptor Deployment of deployment descriptor [C:\Users\Ahmed Mohamed\Documents\example-projects\Amazon-El8alaba\conf\Catalina\localhost\ROOT.xml] has finished in [3,686] ms
22-Jan-2025 16:11:51.864 INFO [main] org.apache.catalina.startup.HostConfig.deployDescriptor Deploying deployment descriptor [C:\Users\Ahmed Mohamed\Documents\example-projects\Amazon-El8alaba\conf\Catalina\localhost\WebApplication1.xml]
22-Jan-2025 16:11:51.865 WARNING [main] org.apache.catalina.startup.HostConfig.deployDescriptor The path attribute with value [/WebApplication1] in deployment descriptor [C:\Users\Ahmed Mohamed\Documents\example-projects\Amazon-El8alaba\conf\Catalina\localhost\WebApplication1.xml] has been ignored
22-Jan-2025 16:11:51.998 INFO [main] org.apache.catalina.startup.HostConfig.deployDescriptor Deployment of deployment descriptor [C:\Users\Ahmed Mohamed\Documents\example-projects\Amazon-El8alaba\conf\Catalina\localhost\WebApplication1.xml] has finished in [134] ms
22-Jan-2025 16:11:52.010 INFO [main] org.apache.coyote.AbstractProtocol.start Starting ProtocolHandler ["http-nio-8080"]
22-Jan-2025 16:11:52.130 INFO [main] org.apache.catalina.startup.Catalina.start Server startup in [4801] milliseconds
22-Jan-2025 16:11:58.988 INFO [Thread-1] org.apache.coyote.AbstractProtocol.pause Pausing ProtocolHandler ["http-nio-8080"]
22-Jan-2025 16:11:59.662 INFO [Thread-1] org.apache.catalina.core.StandardService.stopInternal Stopping service [Catalina]
22-Jan-2025 16:11:59.690 INFO [Thread-1] org.apache.coyote.AbstractProtocol.stop Stopping ProtocolHandler ["http-nio-8080"]
22-Jan-2025 16:11:59.698 INFO [Thread-1] org.apache.coyote.AbstractProtocol.destroy Destroying ProtocolHandler ["http-nio-8080"]
22-Jan-2025 16:13:59.865 INFO [main] org.apache.catalina.startup.VersionLoggerListener.log Server version name:   Apache Tomcat/11.0.0
22-Jan-2025 16:13:59.875 INFO [main] org.apache.catalina.startup.VersionLoggerListener.log Server built:          Oct 3 2024 17:00:16 UTC
22-Jan-2025 16:13:59.876 INFO [main] org.apache.catalina.startup.VersionLoggerListener.log Server version number: 11.0.0.0
22-Jan-2025 16:13:59.876 INFO [main] org.apache.catalina.startup.VersionLoggerListener.log OS Name:               Windows 11
22-Jan-2025 16:13:59.877 INFO [main] org.apache.catalina.startup.VersionLoggerListener.log OS Version:            10.0
22-Jan-2025 16:13:59.877 INFO [main] org.apache.catalina.startup.VersionLoggerListener.log Architecture:          amd64
22-Jan-2025 16:13:59.877 INFO [main] org.apache.catalina.startup.VersionLoggerListener.log Java Home:             C:\Program Files\Java\jdk-17
22-Jan-2025 16:13:59.878 INFO [main] org.apache.catalina.startup.VersionLoggerListener.log JVM Version:           17.0.13+10-LTS-268
22-Jan-2025 16:13:59.878 INFO [main] org.apache.catalina.startup.VersionLoggerListener.log JVM Vendor:            Oracle Corporation
22-Jan-2025 16:13:59.879 INFO [main] org.apache.catalina.startup.VersionLoggerListener.log CATALINA_BASE:         C:\Users\Ahmed Mohamed\Documents\example-projects\Amazon-El8alaba
22-Jan-2025 16:13:59.880 INFO [main] org.apache.catalina.startup.VersionLoggerListener.log CATALINA_HOME:         C:\Program Files\Apache Software Foundation\Tomcat 11.0
22-Jan-2025 16:13:59.905 INFO [main] org.apache.catalina.startup.VersionLoggerListener.log Command line argument: --add-opens=java.base/java.lang=ALL-UNNAMED
22-Jan-2025 16:13:59.906 INFO [main] org.apache.catalina.startup.VersionLoggerListener.log Command line argument: --add-opens=java.base/java.io=ALL-UNNAMED
22-Jan-2025 16:13:59.906 INFO [main] org.apache.catalina.startup.VersionLoggerListener.log Command line argument: --add-opens=java.base/java.util=ALL-UNNAMED
22-Jan-2025 16:13:59.907 INFO [main] org.apache.catalina.startup.VersionLoggerListener.log Command line argument: --add-opens=java.base/java.util.concurrent=ALL-UNNAMED
22-Jan-2025 16:13:59.908 INFO [main] org.apache.catalina.startup.VersionLoggerListener.log Command line argument: --add-opens=java.rmi/sun.rmi.transport=ALL-UNNAMED
22-Jan-2025 16:13:59.908 INFO [main] org.apache.catalina.startup.VersionLoggerListener.log Command line argument: -Dcatalina.home=C:\Program Files\Apache Software Foundation\Tomcat 11.0
22-Jan-2025 16:13:59.909 INFO [main] org.apache.catalina.startup.VersionLoggerListener.log Command line argument: -Dcatalina.base=C:\Users\Ahmed Mohamed\Documents\example-projects\Amazon-El8alaba
22-Jan-2025 16:13:59.909 INFO [main] org.apache.catalina.startup.VersionLoggerListener.log Command line argument: -Djava.io.tmpdir=C:\Users\Ahmed Mohamed\Documents\example-projects\Amazon-El8alaba\temp
22-Jan-2025 16:13:59.910 INFO [main] org.apache.catalina.startup.VersionLoggerListener.log Command line argument: -Djava.util.logging.config.file=C:\Users\Ahmed Mohamed\Documents\example-projects\Amazon-El8alaba\conf\logging.properties
22-Jan-2025 16:13:59.910 INFO [main] org.apache.catalina.startup.VersionLoggerListener.log Command line argument: -Djava.util.logging.manager=org.apache.juli.ClassLoaderLogManager
22-Jan-2025 16:13:59.912 INFO [main] org.apache.catalina.startup.VersionLoggerListener.log Command line argument: -javaagent:C:\Program Files\JetBrains\IntelliJ IDEA 2024.3.1.1\lib\idea_rt.jar=2422:C:\Program Files\JetBrains\IntelliJ IDEA 2024.3.1.1\bin
22-Jan-2025 16:13:59.914 INFO [main] org.apache.catalina.startup.VersionLoggerListener.log Command line argument: -Dfile.encoding=UTF-8
22-Jan-2025 16:13:59.936 INFO [main] org.apache.catalina.core.AprLifecycleListener.lifecycleEvent The Apache Tomcat Native library which allows using OpenSSL was not found on the java.library.path: [C:\Program Files\Java\jdk-17\bin;C:\Windows\Sun\Java\bin;C:\Windows\system32;C:\Windows;C:\Program Files\Python313\Scripts\;C:\Program Files\Python313\;C:\Program Files\Common Files\Oracle\Java\javapath;C:\Windows\system32;C:\Windows;C:\Windows\System32\Wbem;C:\Windows\System32\WindowsPowerShell\v1.0\;C:\Windows\System32\OpenSSH\;C:\Program Files\Java\jdk-21\bin;C:\ProgramData\chocolatey\bin;C:\Program Files\apache-maven-3.9.9\bin;C:\Program Files\Git\cmd;C:\Program Files\Apache Software Foundation\Tomcat 11.0\bin;C:\Program Files\nodejs\;C:\Program Files\Docker\Docker\resources\bin;C:\Users\Ahmed Mohamed\AppData\Local\Microsoft\WindowsApps;C:\Users\Ahmed Mohamed\AppData\Local\Programs\Microsoft VS Code\bin;C:\Program Files\nodejs;C:\Program Files\JetBrains\IntelliJ IDEA Community Edition 2024.1.1\bin;;C:\Program Files\JetBrains\PyCharm Community Edition 2024.2.4\bin;;C:\Users\Ahmed Mohamed\AppData\Local\GitHubDesktop\bin;C:\Users\Ahmed Mohamed\AppData\Roaming\npm;C:\Program Files\JetBrains\WebStorm 2024.3.1.1\bin;;C:\Program Files\JetBrains\IntelliJ IDEA 2024.3.1.1\bin;;.]
22-Jan-2025 16:14:00.518 INFO [main] org.apache.coyote.AbstractProtocol.init Initializing ProtocolHandler ["http-nio-8080"]
22-Jan-2025 16:14:00.562 INFO [main] org.apache.catalina.startup.Catalina.load Server initialization in [1296] milliseconds
22-Jan-2025 16:14:00.718 INFO [main] org.apache.catalina.core.StandardService.startInternal Starting service [Catalina]
22-Jan-2025 16:14:00.718 INFO [main] org.apache.catalina.core.StandardEngine.startInternal Starting Servlet engine: [Apache Tomcat/11.0.0]
22-Jan-2025 16:14:00.760 INFO [main] org.apache.catalina.startup.HostConfig.deployDescriptor Deploying deployment descriptor [C:\Users\Ahmed Mohamed\Documents\example-projects\Amazon-El8alaba\conf\Catalina\localhost\registration.xml]
22-Jan-2025 16:14:00.818 WARNING [main] org.apache.catalina.startup.HostConfig.deployDescriptor The path attribute with value [/registration] in deployment descriptor [C:\Users\Ahmed Mohamed\Documents\example-projects\Amazon-El8alaba\conf\Catalina\localhost\registration.xml] has been ignored
22-Jan-2025 16:14:01.304 SEVERE [main] org.apache.catalina.startup.HostConfig.deployDescriptor Error deploying deployment descriptor [C:\Users\Ahmed Mohamed\Documents\example-projects\Amazon-El8alaba\conf\Catalina\localhost\registration.xml]
	java.lang.IllegalStateException: Error starting child
		at org.apache.catalina.core.ContainerBase.addChild(ContainerBase.java:569)
		at org.apache.catalina.core.StandardHost.addChild(StandardHost.java:653)
		at org.apache.catalina.startup.HostConfig.deployDescriptor(HostConfig.java:599)
		at org.apache.catalina.startup.HostConfig$DeployDescriptor.run(HostConfig.java:1853)
		at java.base/java.util.concurrent.Executors$RunnableAdapter.call(Executors.java:539)
		at java.base/java.util.concurrent.FutureTask.run(FutureTask.java:264)
		at org.apache.tomcat.util.threads.InlineExecutorService.execute(InlineExecutorService.java:75)
		at java.base/java.util.concurrent.AbstractExecutorService.submit(AbstractExecutorService.java:123)
		at org.apache.catalina.startup.HostConfig.deployDescriptors(HostConfig.java:494)
		at org.apache.catalina.startup.HostConfig.deployApps(HostConfig.java:385)
		at org.apache.catalina.startup.HostConfig.start(HostConfig.java:1593)
		at org.apache.catalina.startup.HostConfig.lifecycleEvent(HostConfig.java:267)
		at org.apache.catalina.util.LifecycleBase.fireLifecycleEvent(LifecycleBase.java:109)
		at org.apache.catalina.util.LifecycleBase.setStateInternal(LifecycleBase.java:385)
		at org.apache.catalina.util.LifecycleBase.setState(LifecycleBase.java:332)
		at org.apache.catalina.core.ContainerBase.startInternal(ContainerBase.java:743)
		at org.apache.catalina.core.StandardHost.startInternal(StandardHost.java:771)
		at org.apache.catalina.util.LifecycleBase.start(LifecycleBase.java:164)
		at org.apache.catalina.core.ContainerBase$StartChild.call(ContainerBase.java:1170)
		at org.apache.catalina.core.ContainerBase$StartChild.call(ContainerBase.java:1160)
		at java.base/java.util.concurrent.FutureTask.run(FutureTask.java:264)
		at org.apache.tomcat.util.threads.InlineExecutorService.execute(InlineExecutorService.java:75)
		at java.base/java.util.concurrent.AbstractExecutorService.submit(AbstractExecutorService.java:145)
		at org.apache.catalina.core.ContainerBase.startInternal(ContainerBase.java:716)
		at org.apache.catalina.core.StandardEngine.startInternal(StandardEngine.java:203)
		at org.apache.catalina.util.LifecycleBase.start(LifecycleBase.java:164)
		at org.apache.catalina.core.StandardService.startInternal(StandardService.java:415)
		at org.apache.catalina.util.LifecycleBase.start(LifecycleBase.java:164)
		at org.apache.catalina.core.StandardServer.startInternal(StandardServer.java:866)
		at org.apache.catalina.util.LifecycleBase.start(LifecycleBase.java:164)
		at org.apache.catalina.startup.Catalina.start(Catalina.java:755)
		at java.base/jdk.internal.reflect.NativeMethodAccessorImpl.invoke0(Native Method)
		at java.base/jdk.internal.reflect.NativeMethodAccessorImpl.invoke(NativeMethodAccessorImpl.java:77)
		at java.base/jdk.internal.reflect.DelegatingMethodAccessorImpl.invoke(DelegatingMethodAccessorImpl.java:43)
		at java.base/java.lang.reflect.Method.invoke(Method.java:568)
		at org.apache.catalina.startup.Bootstrap.start(Bootstrap.java:342)
		at org.apache.catalina.startup.Bootstrap.main(Bootstrap.java:470)
	Caused by: org.apache.catalina.LifecycleException: Failed to start component [StandardEngine[Catalina].StandardHost[localhost].StandardContext[/registration]]
		at org.apache.catalina.util.LifecycleBase.handleSubClassException(LifecycleBase.java:402)
		at org.apache.catalina.util.LifecycleBase.start(LifecycleBase.java:179)
		at org.apache.catalina.core.ContainerBase.addChild(ContainerBase.java:566)
		... 36 more
	Caused by: java.lang.IllegalArgumentException: The servlets named [RegisterServlet] and [Main.RegisterServlet] are both mapped to the url-pattern [/register] which is not permitted
		at org.apache.tomcat.util.descriptor.web.WebXml.addServletMappingDecoded(WebXml.java:358)
		at org.apache.tomcat.util.descriptor.web.WebXml.addServletMapping(WebXml.java:351)
		at org.apache.catalina.startup.ContextConfig.processAnnotationWebServlet(ContextConfig.java:2539)
		at org.apache.catalina.startup.ContextConfig.processClass(ContextConfig.java:2244)
		at org.apache.catalina.startup.ContextConfig.processAnnotationsStream(ContextConfig.java:2233)
		at org.apache.catalina.startup.ContextConfig.processAnnotationsWebResource(ContextConfig.java:2143)
		at org.apache.catalina.startup.ContextConfig.processAnnotationsWebResource(ContextConfig.java:2138)
		at org.apache.catalina.startup.ContextConfig.processClasses(ContextConfig.java:1351)
		at org.apache.catalina.startup.ContextConfig.webConfig(ContextConfig.java:1261)
		at org.apache.catalina.startup.ContextConfig.configureStart(ContextConfig.java:961)
		at org.apache.catalina.startup.ContextConfig.lifecycleEvent(ContextConfig.java:290)
		at org.apache.catalina.util.LifecycleBase.fireLifecycleEvent(LifecycleBase.java:109)
		at org.apache.catalina.core.StandardContext.startInternal(StandardContext.java:4298)
		at org.apache.catalina.util.LifecycleBase.start(LifecycleBase.java:164)
		... 37 more
22-Jan-2025 16:14:01.318 INFO [main] org.apache.catalina.startup.HostConfig.deployDescriptor Deployment of deployment descriptor [C:\Users\Ahmed Mohamed\Documents\example-projects\Amazon-El8alaba\conf\Catalina\localhost\registration.xml] has finished in [552] ms
22-Jan-2025 16:14:01.318 INFO [main] org.apache.catalina.startup.HostConfig.deployDescriptor Deploying deployment descriptor [C:\Users\Ahmed Mohamed\Documents\example-projects\Amazon-El8alaba\conf\Catalina\localhost\RegistrationServletApp.xml]
22-Jan-2025 16:14:01.321 WARNING [main] org.apache.catalina.startup.HostConfig.deployDescriptor The path attribute with value [/RegistrationServletApp] in deployment descriptor [C:\Users\Ahmed Mohamed\Documents\example-projects\Amazon-El8alaba\conf\Catalina\localhost\RegistrationServletApp.xml] has been ignored
22-Jan-2025 16:14:01.330 SEVERE [main] org.apache.catalina.startup.HostConfig.deployDescriptor Error deploying deployment descriptor [C:\Users\Ahmed Mohamed\Documents\example-projects\Amazon-El8alaba\conf\Catalina\localhost\RegistrationServletApp.xml]
	java.lang.IllegalStateException: Error starting child
		at org.apache.catalina.core.ContainerBase.addChild(ContainerBase.java:569)
		at org.apache.catalina.core.StandardHost.addChild(StandardHost.java:653)
		at org.apache.catalina.startup.HostConfig.deployDescriptor(HostConfig.java:599)
		at org.apache.catalina.startup.HostConfig$DeployDescriptor.run(HostConfig.java:1853)
		at java.base/java.util.concurrent.Executors$RunnableAdapter.call(Executors.java:539)
		at java.base/java.util.concurrent.FutureTask.run(FutureTask.java:264)
		at org.apache.tomcat.util.threads.InlineExecutorService.execute(InlineExecutorService.java:75)
		at java.base/java.util.concurrent.AbstractExecutorService.submit(AbstractExecutorService.java:123)
		at org.apache.catalina.startup.HostConfig.deployDescriptors(HostConfig.java:494)
		at org.apache.catalina.startup.HostConfig.deployApps(HostConfig.java:385)
		at org.apache.catalina.startup.HostConfig.start(HostConfig.java:1593)
		at org.apache.catalina.startup.HostConfig.lifecycleEvent(HostConfig.java:267)
		at org.apache.catalina.util.LifecycleBase.fireLifecycleEvent(LifecycleBase.java:109)
		at org.apache.catalina.util.LifecycleBase.setStateInternal(LifecycleBase.java:385)
		at org.apache.catalina.util.LifecycleBase.setState(LifecycleBase.java:332)
		at org.apache.catalina.core.ContainerBase.startInternal(ContainerBase.java:743)
		at org.apache.catalina.core.StandardHost.startInternal(StandardHost.java:771)
		at org.apache.catalina.util.LifecycleBase.start(LifecycleBase.java:164)
		at org.apache.catalina.core.ContainerBase$StartChild.call(ContainerBase.java:1170)
		at org.apache.catalina.core.ContainerBase$StartChild.call(ContainerBase.java:1160)
		at java.base/java.util.concurrent.FutureTask.run(FutureTask.java:264)
		at org.apache.tomcat.util.threads.InlineExecutorService.execute(InlineExecutorService.java:75)
		at java.base/java.util.concurrent.AbstractExecutorService.submit(AbstractExecutorService.java:145)
		at org.apache.catalina.core.ContainerBase.startInternal(ContainerBase.java:716)
		at org.apache.catalina.core.StandardEngine.startInternal(StandardEngine.java:203)
		at org.apache.catalina.util.LifecycleBase.start(LifecycleBase.java:164)
		at org.apache.catalina.core.StandardService.startInternal(StandardService.java:415)
		at org.apache.catalina.util.LifecycleBase.start(LifecycleBase.java:164)
		at org.apache.catalina.core.StandardServer.startInternal(StandardServer.java:866)
		at org.apache.catalina.util.LifecycleBase.start(LifecycleBase.java:164)
		at org.apache.catalina.startup.Catalina.start(Catalina.java:755)
		at java.base/jdk.internal.reflect.NativeMethodAccessorImpl.invoke0(Native Method)
		at java.base/jdk.internal.reflect.NativeMethodAccessorImpl.invoke(NativeMethodAccessorImpl.java:77)
		at java.base/jdk.internal.reflect.DelegatingMethodAccessorImpl.invoke(DelegatingMethodAccessorImpl.java:43)
		at java.base/java.lang.reflect.Method.invoke(Method.java:568)
		at org.apache.catalina.startup.Bootstrap.start(Bootstrap.java:342)
		at org.apache.catalina.startup.Bootstrap.main(Bootstrap.java:470)
	Caused by: org.apache.catalina.LifecycleException: Failed to start component [org.apache.catalina.webresources.StandardRoot@3081f72c]
		at org.apache.catalina.util.LifecycleBase.handleSubClassException(LifecycleBase.java:402)
		at org.apache.catalina.util.LifecycleBase.start(LifecycleBase.java:179)
		at org.apache.catalina.core.StandardContext.resourcesStart(StandardContext.java:4079)
		at org.apache.catalina.core.StandardContext.startInternal(StandardContext.java:4201)
		at org.apache.catalina.util.LifecycleBase.start(LifecycleBase.java:164)
		at org.apache.catalina.core.ContainerBase.addChild(ContainerBase.java:566)
		... 36 more
	Caused by: java.lang.IllegalArgumentException: The main resource set specified [C:\Users\Ahmed Mohamed\Documents\NetBeansProjects\RegistrationServletApp\target\RegistrationServletApp-1.0-SNAPSHOT] is not a directory or war file, or is not readable (it does not exist or permissions to access it are missing)
		at org.apache.catalina.webresources.StandardRoot.createMainResourceSet(StandardRoot.java:749)
		at org.apache.catalina.webresources.StandardRoot.startInternal(StandardRoot.java:707)
		at org.apache.catalina.util.LifecycleBase.start(LifecycleBase.java:164)
		... 40 more
22-Jan-2025 16:14:01.339 INFO [main] org.apache.catalina.startup.HostConfig.deployDescriptor Deployment of deployment descriptor [C:\Users\Ahmed Mohamed\Documents\example-projects\Amazon-El8alaba\conf\Catalina\localhost\RegistrationServletApp.xml] has finished in [20] ms
22-Jan-2025 16:14:01.339 INFO [main] org.apache.catalina.startup.HostConfig.deployDescriptor Deploying deployment descriptor [C:\Users\Ahmed Mohamed\Documents\example-projects\Amazon-El8alaba\conf\Catalina\localhost\ROOT.xml]
22-Jan-2025 16:14:05.086 INFO [main] org.apache.jasper.servlet.TldScanner.scanJars At least one JAR was scanned for TLDs yet contained no TLDs. Enable debug logging for this logger for a complete list of JARs that were scanned but no TLDs were found in them. Skipping unneeded JARs during scanning can improve startup time and JSP compilation time.
22-Jan-2025 16:14:05.294 INFO [main] org.apache.catalina.startup.HostConfig.deployDescriptor Deployment of deployment descriptor [C:\Users\Ahmed Mohamed\Documents\example-projects\Amazon-El8alaba\conf\Catalina\localhost\ROOT.xml] has finished in [3,954] ms
22-Jan-2025 16:14:05.294 INFO [main] org.apache.catalina.startup.HostConfig.deployDescriptor Deploying deployment descriptor [C:\Users\Ahmed Mohamed\Documents\example-projects\Amazon-El8alaba\conf\Catalina\localhost\WebApplication1.xml]
22-Jan-2025 16:14:05.296 WARNING [main] org.apache.catalina.startup.HostConfig.deployDescriptor The path attribute with value [/WebApplication1] in deployment descriptor [C:\Users\Ahmed Mohamed\Documents\example-projects\Amazon-El8alaba\conf\Catalina\localhost\WebApplication1.xml] has been ignored
22-Jan-2025 16:14:05.401 INFO [main] org.apache.catalina.startup.HostConfig.deployDescriptor Deployment of deployment descriptor [C:\Users\Ahmed Mohamed\Documents\example-projects\Amazon-El8alaba\conf\Catalina\localhost\WebApplication1.xml] has finished in [106] ms
22-Jan-2025 16:14:05.414 INFO [main] org.apache.coyote.AbstractProtocol.start Starting ProtocolHandler ["http-nio-8080"]
22-Jan-2025 16:14:05.521 INFO [main] org.apache.catalina.startup.Catalina.start Server startup in [4957] milliseconds
22-Jan-2025 16:15:04.802 INFO [Thread-1] org.apache.coyote.AbstractProtocol.pause Pausing ProtocolHandler ["http-nio-8080"]
22-Jan-2025 16:15:05.689 INFO [Thread-1] org.apache.catalina.core.StandardService.stopInternal Stopping service [Catalina]
22-Jan-2025 16:15:05.722 INFO [Thread-1] org.apache.coyote.AbstractProtocol.stop Stopping ProtocolHandler ["http-nio-8080"]
22-Jan-2025 16:15:05.737 INFO [Thread-1] org.apache.coyote.AbstractProtocol.destroy Destroying ProtocolHandler ["http-nio-8080"]
22-Jan-2025 16:15:36.528 INFO [main] org.apache.catalina.startup.VersionLoggerListener.log Server version name:   Apache Tomcat/11.0.0
22-Jan-2025 16:15:36.538 INFO [main] org.apache.catalina.startup.VersionLoggerListener.log Server built:          Oct 3 2024 17:00:16 UTC
22-Jan-2025 16:15:36.539 INFO [main] org.apache.catalina.startup.VersionLoggerListener.log Server version number: 11.0.0.0
22-Jan-2025 16:15:36.539 INFO [main] org.apache.catalina.startup.VersionLoggerListener.log OS Name:               Windows 11
22-Jan-2025 16:15:36.540 INFO [main] org.apache.catalina.startup.VersionLoggerListener.log OS Version:            10.0
22-Jan-2025 16:15:36.540 INFO [main] org.apache.catalina.startup.VersionLoggerListener.log Architecture:          amd64
22-Jan-2025 16:15:36.541 INFO [main] org.apache.catalina.startup.VersionLoggerListener.log Java Home:             C:\Program Files\Java\jdk-17
22-Jan-2025 16:15:36.541 INFO [main] org.apache.catalina.startup.VersionLoggerListener.log JVM Version:           17.0.13+10-LTS-268
22-Jan-2025 16:15:36.541 INFO [main] org.apache.catalina.startup.VersionLoggerListener.log JVM Vendor:            Oracle Corporation
22-Jan-2025 16:15:36.542 INFO [main] org.apache.catalina.startup.VersionLoggerListener.log CATALINA_BASE:         C:\Users\Ahmed Mohamed\Documents\example-projects\Amazon-El8alaba
22-Jan-2025 16:15:36.542 INFO [main] org.apache.catalina.startup.VersionLoggerListener.log CATALINA_HOME:         C:\Program Files\Apache Software Foundation\Tomcat 11.0
22-Jan-2025 16:15:36.566 INFO [main] org.apache.catalina.startup.VersionLoggerListener.log Command line argument: --add-opens=java.base/java.lang=ALL-UNNAMED
22-Jan-2025 16:15:36.567 INFO [main] org.apache.catalina.startup.VersionLoggerListener.log Command line argument: --add-opens=java.base/java.io=ALL-UNNAMED
22-Jan-2025 16:15:36.568 INFO [main] org.apache.catalina.startup.VersionLoggerListener.log Command line argument: --add-opens=java.base/java.util=ALL-UNNAMED
22-Jan-2025 16:15:36.569 INFO [main] org.apache.catalina.startup.VersionLoggerListener.log Command line argument: --add-opens=java.base/java.util.concurrent=ALL-UNNAMED
22-Jan-2025 16:15:36.570 INFO [main] org.apache.catalina.startup.VersionLoggerListener.log Command line argument: --add-opens=java.rmi/sun.rmi.transport=ALL-UNNAMED
22-Jan-2025 16:15:36.570 INFO [main] org.apache.catalina.startup.VersionLoggerListener.log Command line argument: -Dcatalina.home=C:\Program Files\Apache Software Foundation\Tomcat 11.0
22-Jan-2025 16:15:36.571 INFO [main] org.apache.catalina.startup.VersionLoggerListener.log Command line argument: -Dcatalina.base=C:\Users\Ahmed Mohamed\Documents\example-projects\Amazon-El8alaba
22-Jan-2025 16:15:36.571 INFO [main] org.apache.catalina.startup.VersionLoggerListener.log Command line argument: -Djava.io.tmpdir=C:\Users\Ahmed Mohamed\Documents\example-projects\Amazon-El8alaba\temp
22-Jan-2025 16:15:36.571 INFO [main] org.apache.catalina.startup.VersionLoggerListener.log Command line argument: -Djava.util.logging.config.file=C:\Users\Ahmed Mohamed\Documents\example-projects\Amazon-El8alaba\conf\logging.properties
22-Jan-2025 16:15:36.576 INFO [main] org.apache.catalina.startup.VersionLoggerListener.log Command line argument: -Djava.util.logging.manager=org.apache.juli.ClassLoaderLogManager
22-Jan-2025 16:15:36.577 INFO [main] org.apache.catalina.startup.VersionLoggerListener.log Command line argument: -javaagent:C:\Program Files\JetBrains\IntelliJ IDEA 2024.3.1.1\lib\idea_rt.jar=2430:C:\Program Files\JetBrains\IntelliJ IDEA 2024.3.1.1\bin
22-Jan-2025 16:15:36.578 INFO [main] org.apache.catalina.startup.VersionLoggerListener.log Command line argument: -Dfile.encoding=UTF-8
22-Jan-2025 16:15:36.598 INFO [main] org.apache.catalina.core.AprLifecycleListener.lifecycleEvent The Apache Tomcat Native library which allows using OpenSSL was not found on the java.library.path: [C:\Program Files\Java\jdk-17\bin;C:\Windows\Sun\Java\bin;C:\Windows\system32;C:\Windows;C:\Program Files\Python313\Scripts\;C:\Program Files\Python313\;C:\Program Files\Common Files\Oracle\Java\javapath;C:\Windows\system32;C:\Windows;C:\Windows\System32\Wbem;C:\Windows\System32\WindowsPowerShell\v1.0\;C:\Windows\System32\OpenSSH\;C:\Program Files\Java\jdk-21\bin;C:\ProgramData\chocolatey\bin;C:\Program Files\apache-maven-3.9.9\bin;C:\Program Files\Git\cmd;C:\Program Files\Apache Software Foundation\Tomcat 11.0\bin;C:\Program Files\nodejs\;C:\Program Files\Docker\Docker\resources\bin;C:\Users\Ahmed Mohamed\AppData\Local\Microsoft\WindowsApps;C:\Users\Ahmed Mohamed\AppData\Local\Programs\Microsoft VS Code\bin;C:\Program Files\nodejs;C:\Program Files\JetBrains\IntelliJ IDEA Community Edition 2024.1.1\bin;;C:\Program Files\JetBrains\PyCharm Community Edition 2024.2.4\bin;;C:\Users\Ahmed Mohamed\AppData\Local\GitHubDesktop\bin;C:\Users\Ahmed Mohamed\AppData\Roaming\npm;C:\Program Files\JetBrains\WebStorm 2024.3.1.1\bin;;C:\Program Files\JetBrains\IntelliJ IDEA 2024.3.1.1\bin;;.]
22-Jan-2025 16:15:37.190 INFO [main] org.apache.coyote.AbstractProtocol.init Initializing ProtocolHandler ["http-nio-8080"]
22-Jan-2025 16:15:37.231 INFO [main] org.apache.catalina.startup.Catalina.load Server initialization in [1713] milliseconds
22-Jan-2025 16:15:37.388 INFO [main] org.apache.catalina.core.StandardService.startInternal Starting service [Catalina]
22-Jan-2025 16:15:37.390 INFO [main] org.apache.catalina.core.StandardEngine.startInternal Starting Servlet engine: [Apache Tomcat/11.0.0]
22-Jan-2025 16:15:37.430 INFO [main] org.apache.catalina.startup.HostConfig.deployDescriptor Deploying deployment descriptor [C:\Users\Ahmed Mohamed\Documents\example-projects\Amazon-El8alaba\conf\Catalina\localhost\ROOT.xml]
22-Jan-2025 16:15:42.167 INFO [main] org.apache.jasper.servlet.TldScanner.scanJars At least one JAR was scanned for TLDs yet contained no TLDs. Enable debug logging for this logger for a complete list of JARs that were scanned but no TLDs were found in them. Skipping unneeded JARs during scanning can improve startup time and JSP compilation time.
22-Jan-2025 16:15:42.387 INFO [main] org.apache.catalina.startup.HostConfig.deployDescriptor Deployment of deployment descriptor [C:\Users\Ahmed Mohamed\Documents\example-projects\Amazon-El8alaba\conf\Catalina\localhost\ROOT.xml] has finished in [4,957] ms
22-Jan-2025 16:15:42.396 INFO [main] org.apache.coyote.AbstractProtocol.start Starting ProtocolHandler ["http-nio-8080"]
22-Jan-2025 16:15:42.500 INFO [main] org.apache.catalina.startup.Catalina.start Server startup in [5267] milliseconds
22-Jan-2025 16:15:47.295 INFO [Thread-1] org.apache.coyote.AbstractProtocol.pause Pausing ProtocolHandler ["http-nio-8080"]
22-Jan-2025 16:15:47.871 INFO [Thread-1] org.apache.catalina.core.StandardService.stopInternal Stopping service [Catalina]
22-Jan-2025 16:15:47.884 INFO [Thread-1] org.apache.coyote.AbstractProtocol.stop Stopping ProtocolHandler ["http-nio-8080"]
22-Jan-2025 16:15:47.896 INFO [Thread-1] org.apache.coyote.AbstractProtocol.destroy Destroying ProtocolHandler ["http-nio-8080"]
22-Jan-2025 16:16:06.404 INFO [main] org.apache.catalina.startup.VersionLoggerListener.log Server version name:   Apache Tomcat/11.0.0
22-Jan-2025 16:16:06.413 INFO [main] org.apache.catalina.startup.VersionLoggerListener.log Server built:          Oct 3 2024 17:00:16 UTC
22-Jan-2025 16:16:06.414 INFO [main] org.apache.catalina.startup.VersionLoggerListener.log Server version number: 11.0.0.0
22-Jan-2025 16:16:06.415 INFO [main] org.apache.catalina.startup.VersionLoggerListener.log OS Name:               Windows 11
22-Jan-2025 16:16:06.415 INFO [main] org.apache.catalina.startup.VersionLoggerListener.log OS Version:            10.0
22-Jan-2025 16:16:06.415 INFO [main] org.apache.catalina.startup.VersionLoggerListener.log Architecture:          amd64
22-Jan-2025 16:16:06.416 INFO [main] org.apache.catalina.startup.VersionLoggerListener.log Java Home:             C:\Program Files\Java\jdk-17
22-Jan-2025 16:16:06.416 INFO [main] org.apache.catalina.startup.VersionLoggerListener.log JVM Version:           17.0.13+10-LTS-268
22-Jan-2025 16:16:06.416 INFO [main] org.apache.catalina.startup.VersionLoggerListener.log JVM Vendor:            Oracle Corporation
22-Jan-2025 16:16:06.417 INFO [main] org.apache.catalina.startup.VersionLoggerListener.log CATALINA_BASE:         C:\Users\Ahmed Mohamed\Documents\example-projects\Amazon-El8alaba
22-Jan-2025 16:16:06.417 INFO [main] org.apache.catalina.startup.VersionLoggerListener.log CATALINA_HOME:         C:\Program Files\Apache Software Foundation\Tomcat 11.0
22-Jan-2025 16:16:06.443 INFO [main] org.apache.catalina.startup.VersionLoggerListener.log Command line argument: --add-opens=java.base/java.lang=ALL-UNNAMED
22-Jan-2025 16:16:06.444 INFO [main] org.apache.catalina.startup.VersionLoggerListener.log Command line argument: --add-opens=java.base/java.io=ALL-UNNAMED
22-Jan-2025 16:16:06.444 INFO [main] org.apache.catalina.startup.VersionLoggerListener.log Command line argument: --add-opens=java.base/java.util=ALL-UNNAMED
22-Jan-2025 16:16:06.445 INFO [main] org.apache.catalina.startup.VersionLoggerListener.log Command line argument: --add-opens=java.base/java.util.concurrent=ALL-UNNAMED
22-Jan-2025 16:16:06.445 INFO [main] org.apache.catalina.startup.VersionLoggerListener.log Command line argument: --add-opens=java.rmi/sun.rmi.transport=ALL-UNNAMED
22-Jan-2025 16:16:06.445 INFO [main] org.apache.catalina.startup.VersionLoggerListener.log Command line argument: -Dcatalina.home=C:\Program Files\Apache Software Foundation\Tomcat 11.0
22-Jan-2025 16:16:06.446 INFO [main] org.apache.catalina.startup.VersionLoggerListener.log Command line argument: -Dcatalina.base=C:\Users\Ahmed Mohamed\Documents\example-projects\Amazon-El8alaba
22-Jan-2025 16:16:06.446 INFO [main] org.apache.catalina.startup.VersionLoggerListener.log Command line argument: -Djava.io.tmpdir=C:\Users\Ahmed Mohamed\Documents\example-projects\Amazon-El8alaba\temp
22-Jan-2025 16:16:06.446 INFO [main] org.apache.catalina.startup.VersionLoggerListener.log Command line argument: -Djava.util.logging.config.file=C:\Users\Ahmed Mohamed\Documents\example-projects\Amazon-El8alaba\conf\logging.properties
22-Jan-2025 16:16:06.446 INFO [main] org.apache.catalina.startup.VersionLoggerListener.log Command line argument: -Djava.util.logging.manager=org.apache.juli.ClassLoaderLogManager
22-Jan-2025 16:16:06.447 INFO [main] org.apache.catalina.startup.VersionLoggerListener.log Command line argument: -javaagent:C:\Program Files\JetBrains\IntelliJ IDEA 2024.3.1.1\lib\idea_rt.jar=2434:C:\Program Files\JetBrains\IntelliJ IDEA 2024.3.1.1\bin
22-Jan-2025 16:16:06.447 INFO [main] org.apache.catalina.startup.VersionLoggerListener.log Command line argument: -Dfile.encoding=UTF-8
22-Jan-2025 16:16:06.470 INFO [main] org.apache.catalina.core.AprLifecycleListener.lifecycleEvent The Apache Tomcat Native library which allows using OpenSSL was not found on the java.library.path: [C:\Program Files\Java\jdk-17\bin;C:\Windows\Sun\Java\bin;C:\Windows\system32;C:\Windows;C:\Program Files\Python313\Scripts\;C:\Program Files\Python313\;C:\Program Files\Common Files\Oracle\Java\javapath;C:\Windows\system32;C:\Windows;C:\Windows\System32\Wbem;C:\Windows\System32\WindowsPowerShell\v1.0\;C:\Windows\System32\OpenSSH\;C:\Program Files\Java\jdk-21\bin;C:\ProgramData\chocolatey\bin;C:\Program Files\apache-maven-3.9.9\bin;C:\Program Files\Git\cmd;C:\Program Files\Apache Software Foundation\Tomcat 11.0\bin;C:\Program Files\nodejs\;C:\Program Files\Docker\Docker\resources\bin;C:\Users\Ahmed Mohamed\AppData\Local\Microsoft\WindowsApps;C:\Users\Ahmed Mohamed\AppData\Local\Programs\Microsoft VS Code\bin;C:\Program Files\nodejs;C:\Program Files\JetBrains\IntelliJ IDEA Community Edition 2024.1.1\bin;;C:\Program Files\JetBrains\PyCharm Community Edition 2024.2.4\bin;;C:\Users\Ahmed Mohamed\AppData\Local\GitHubDesktop\bin;C:\Users\Ahmed Mohamed\AppData\Roaming\npm;C:\Program Files\JetBrains\WebStorm 2024.3.1.1\bin;;C:\Program Files\JetBrains\IntelliJ IDEA 2024.3.1.1\bin;;.]
22-Jan-2025 16:16:07.067 INFO [main] org.apache.coyote.AbstractProtocol.init Initializing ProtocolHandler ["http-nio-8080"]
22-Jan-2025 16:16:07.106 INFO [main] org.apache.catalina.startup.Catalina.load Server initialization in [1323] milliseconds
22-Jan-2025 16:16:07.279 INFO [main] org.apache.catalina.core.StandardService.startInternal Starting service [Catalina]
22-Jan-2025 16:16:07.280 INFO [main] org.apache.catalina.core.StandardEngine.startInternal Starting Servlet engine: [Apache Tomcat/11.0.0]
22-Jan-2025 16:16:07.318 INFO [main] org.apache.catalina.startup.HostConfig.deployDescriptor Deploying deployment descriptor [C:\Users\Ahmed Mohamed\Documents\example-projects\Amazon-El8alaba\conf\Catalina\localhost\ROOT.xml]
22-Jan-2025 16:16:11.596 INFO [main] org.apache.jasper.servlet.TldScanner.scanJars At least one JAR was scanned for TLDs yet contained no TLDs. Enable debug logging for this logger for a complete list of JARs that were scanned but no TLDs were found in them. Skipping unneeded JARs during scanning can improve startup time and JSP compilation time.
22-Jan-2025 16:16:11.817 INFO [main] org.apache.catalina.startup.HostConfig.deployDescriptor Deployment of deployment descriptor [C:\Users\Ahmed Mohamed\Documents\example-projects\Amazon-El8alaba\conf\Catalina\localhost\ROOT.xml] has finished in [4,499] ms
22-Jan-2025 16:16:11.825 INFO [main] org.apache.coyote.AbstractProtocol.start Starting ProtocolHandler ["http-nio-8080"]
22-Jan-2025 16:16:11.937 INFO [main] org.apache.catalina.startup.Catalina.start Server startup in [4830] milliseconds
22-Jan-2025 16:17:52.296 INFO [Thread-1] org.apache.coyote.AbstractProtocol.pause Pausing ProtocolHandler ["http-nio-8080"]
22-Jan-2025 16:17:52.882 INFO [Thread-1] org.apache.catalina.core.StandardService.stopInternal Stopping service [Catalina]
22-Jan-2025 16:17:52.901 INFO [Thread-1] org.apache.coyote.AbstractProtocol.stop Stopping ProtocolHandler ["http-nio-8080"]
22-Jan-2025 16:17:52.907 INFO [Thread-1] org.apache.coyote.AbstractProtocol.destroy Destroying ProtocolHandler ["http-nio-8080"]
22-Jan-2025 16:18:59.560 INFO [main] org.apache.catalina.startup.VersionLoggerListener.log Server version name:   Apache Tomcat/11.0.0
22-Jan-2025 16:18:59.570 INFO [main] org.apache.catalina.startup.VersionLoggerListener.log Server built:          Oct 3 2024 17:00:16 UTC
22-Jan-2025 16:18:59.570 INFO [main] org.apache.catalina.startup.VersionLoggerListener.log Server version number: 11.0.0.0
22-Jan-2025 16:18:59.571 INFO [main] org.apache.catalina.startup.VersionLoggerListener.log OS Name:               Windows 11
22-Jan-2025 16:18:59.571 INFO [main] org.apache.catalina.startup.VersionLoggerListener.log OS Version:            10.0
22-Jan-2025 16:18:59.571 INFO [main] org.apache.catalina.startup.VersionLoggerListener.log Architecture:          amd64
22-Jan-2025 16:18:59.572 INFO [main] org.apache.catalina.startup.VersionLoggerListener.log Java Home:             C:\Program Files\Java\jdk-17
22-Jan-2025 16:18:59.572 INFO [main] org.apache.catalina.startup.VersionLoggerListener.log JVM Version:           17.0.13+10-LTS-268
22-Jan-2025 16:18:59.573 INFO [main] org.apache.catalina.startup.VersionLoggerListener.log JVM Vendor:            Oracle Corporation
22-Jan-2025 16:18:59.573 INFO [main] org.apache.catalina.startup.VersionLoggerListener.log CATALINA_BASE:         C:\Users\Ahmed Mohamed\Documents\example-projects\Amazon-El8alaba
22-Jan-2025 16:18:59.574 INFO [main] org.apache.catalina.startup.VersionLoggerListener.log CATALINA_HOME:         C:\Program Files\Apache Software Foundation\Tomcat 11.0
22-Jan-2025 16:18:59.598 INFO [main] org.apache.catalina.startup.VersionLoggerListener.log Command line argument: --add-opens=java.base/java.lang=ALL-UNNAMED
22-Jan-2025 16:18:59.598 INFO [main] org.apache.catalina.startup.VersionLoggerListener.log Command line argument: --add-opens=java.base/java.io=ALL-UNNAMED
22-Jan-2025 16:18:59.599 INFO [main] org.apache.catalina.startup.VersionLoggerListener.log Command line argument: --add-opens=java.base/java.util=ALL-UNNAMED
22-Jan-2025 16:18:59.599 INFO [main] org.apache.catalina.startup.VersionLoggerListener.log Command line argument: --add-opens=java.base/java.util.concurrent=ALL-UNNAMED
22-Jan-2025 16:18:59.600 INFO [main] org.apache.catalina.startup.VersionLoggerListener.log Command line argument: --add-opens=java.rmi/sun.rmi.transport=ALL-UNNAMED
22-Jan-2025 16:18:59.600 INFO [main] org.apache.catalina.startup.VersionLoggerListener.log Command line argument: -Dcatalina.home=C:\Program Files\Apache Software Foundation\Tomcat 11.0
22-Jan-2025 16:18:59.601 INFO [main] org.apache.catalina.startup.VersionLoggerListener.log Command line argument: -Dcatalina.base=C:\Users\Ahmed Mohamed\Documents\example-projects\Amazon-El8alaba
22-Jan-2025 16:18:59.601 INFO [main] org.apache.catalina.startup.VersionLoggerListener.log Command line argument: -Djava.io.tmpdir=C:\Users\Ahmed Mohamed\Documents\example-projects\Amazon-El8alaba\temp
22-Jan-2025 16:18:59.602 INFO [main] org.apache.catalina.startup.VersionLoggerListener.log Command line argument: -Djava.util.logging.config.file=C:\Users\Ahmed Mohamed\Documents\example-projects\Amazon-El8alaba\conf\logging.properties
22-Jan-2025 16:18:59.602 INFO [main] org.apache.catalina.startup.VersionLoggerListener.log Command line argument: -Djava.util.logging.manager=org.apache.juli.ClassLoaderLogManager
22-Jan-2025 16:18:59.602 INFO [main] org.apache.catalina.startup.VersionLoggerListener.log Command line argument: -javaagent:C:\Program Files\JetBrains\IntelliJ IDEA 2024.3.1.1\lib\idea_rt.jar=2454:C:\Program Files\JetBrains\IntelliJ IDEA 2024.3.1.1\bin
22-Jan-2025 16:18:59.603 INFO [main] org.apache.catalina.startup.VersionLoggerListener.log Command line argument: -Dfile.encoding=UTF-8
22-Jan-2025 16:18:59.620 INFO [main] org.apache.catalina.core.AprLifecycleListener.lifecycleEvent The Apache Tomcat Native library which allows using OpenSSL was not found on the java.library.path: [C:\Program Files\Java\jdk-17\bin;C:\Windows\Sun\Java\bin;C:\Windows\system32;C:\Windows;C:\Program Files\Python313\Scripts\;C:\Program Files\Python313\;C:\Program Files\Common Files\Oracle\Java\javapath;C:\Windows\system32;C:\Windows;C:\Windows\System32\Wbem;C:\Windows\System32\WindowsPowerShell\v1.0\;C:\Windows\System32\OpenSSH\;C:\Program Files\Java\jdk-21\bin;C:\ProgramData\chocolatey\bin;C:\Program Files\apache-maven-3.9.9\bin;C:\Program Files\Git\cmd;C:\Program Files\Apache Software Foundation\Tomcat 11.0\bin;C:\Program Files\nodejs\;C:\Program Files\Docker\Docker\resources\bin;C:\Users\Ahmed Mohamed\AppData\Local\Microsoft\WindowsApps;C:\Users\Ahmed Mohamed\AppData\Local\Programs\Microsoft VS Code\bin;C:\Program Files\nodejs;C:\Program Files\JetBrains\IntelliJ IDEA Community Edition 2024.1.1\bin;;C:\Program Files\JetBrains\PyCharm Community Edition 2024.2.4\bin;;C:\Users\Ahmed Mohamed\AppData\Local\GitHubDesktop\bin;C:\Users\Ahmed Mohamed\AppData\Roaming\npm;C:\Program Files\JetBrains\WebStorm 2024.3.1.1\bin;;C:\Program Files\JetBrains\IntelliJ IDEA 2024.3.1.1\bin;;.]
22-Jan-2025 16:19:00.196 INFO [main] org.apache.coyote.AbstractProtocol.init Initializing ProtocolHandler ["http-nio-8080"]
22-Jan-2025 16:19:00.247 INFO [main] org.apache.catalina.startup.Catalina.load Server initialization in [1243] milliseconds
22-Jan-2025 16:19:00.406 INFO [main] org.apache.catalina.core.StandardService.startInternal Starting service [Catalina]
22-Jan-2025 16:19:00.407 INFO [main] org.apache.catalina.core.StandardEngine.startInternal Starting Servlet engine: [Apache Tomcat/11.0.0]
22-Jan-2025 16:19:00.451 INFO [main] org.apache.catalina.startup.HostConfig.deployDescriptor Deploying deployment descriptor [C:\Users\Ahmed Mohamed\Documents\example-projects\Amazon-El8alaba\conf\Catalina\localhost\ROOT.xml]
22-Jan-2025 16:19:04.472 INFO [main] org.apache.jasper.servlet.TldScanner.scanJars At least one JAR was scanned for TLDs yet contained no TLDs. Enable debug logging for this logger for a complete list of JARs that were scanned but no TLDs were found in them. Skipping unneeded JARs during scanning can improve startup time and JSP compilation time.
22-Jan-2025 16:19:04.677 INFO [main] org.apache.catalina.startup.HostConfig.deployDescriptor Deployment of deployment descriptor [C:\Users\Ahmed Mohamed\Documents\example-projects\Amazon-El8alaba\conf\Catalina\localhost\ROOT.xml] has finished in [4,225] ms
22-Jan-2025 16:19:04.690 INFO [main] org.apache.coyote.AbstractProtocol.start Starting ProtocolHandler ["http-nio-8080"]
22-Jan-2025 16:19:04.794 INFO [main] org.apache.catalina.startup.Catalina.start Server startup in [4545] milliseconds
22-Jan-2025 16:35:55.106 INFO [Thread-1] org.apache.coyote.AbstractProtocol.pause Pausing ProtocolHandler ["http-nio-8080"]
22-Jan-2025 16:35:55.749 INFO [Thread-1] org.apache.catalina.core.StandardService.stopInternal Stopping service [Catalina]
22-Jan-2025 16:35:55.768 INFO [Thread-1] org.apache.coyote.AbstractProtocol.stop Stopping ProtocolHandler ["http-nio-8080"]
22-Jan-2025 16:35:55.775 INFO [Thread-1] org.apache.coyote.AbstractProtocol.destroy Destroying ProtocolHandler ["http-nio-8080"]
22-Jan-2025 20:55:10.082 INFO [main] org.apache.catalina.startup.VersionLoggerListener.log Server version name:   Apache Tomcat/11.0.0
22-Jan-2025 20:55:10.091 INFO [main] org.apache.catalina.startup.VersionLoggerListener.log Server built:          Oct 3 2024 17:00:16 UTC
22-Jan-2025 20:55:10.092 INFO [main] org.apache.catalina.startup.VersionLoggerListener.log Server version number: 11.0.0.0
22-Jan-2025 20:55:10.092 INFO [main] org.apache.catalina.startup.VersionLoggerListener.log OS Name:               Windows 11
22-Jan-2025 20:55:10.093 INFO [main] org.apache.catalina.startup.VersionLoggerListener.log OS Version:            10.0
22-Jan-2025 20:55:10.093 INFO [main] org.apache.catalina.startup.VersionLoggerListener.log Architecture:          amd64
22-Jan-2025 20:55:10.093 INFO [main] org.apache.catalina.startup.VersionLoggerListener.log Java Home:             C:\Program Files\Java\jdk-17
22-Jan-2025 20:55:10.094 INFO [main] org.apache.catalina.startup.VersionLoggerListener.log JVM Version:           17.0.13+10-LTS-268
22-Jan-2025 20:55:10.094 INFO [main] org.apache.catalina.startup.VersionLoggerListener.log JVM Vendor:            Oracle Corporation
22-Jan-2025 20:55:10.094 INFO [main] org.apache.catalina.startup.VersionLoggerListener.log CATALINA_BASE:         C:\Users\Ahmed Mohamed\Documents\example-projects\Amazon-El8alaba
22-Jan-2025 20:55:10.095 INFO [main] org.apache.catalina.startup.VersionLoggerListener.log CATALINA_HOME:         C:\Program Files\Apache Software Foundation\Tomcat 11.0
22-Jan-2025 20:55:10.118 INFO [main] org.apache.catalina.startup.VersionLoggerListener.log Command line argument: --add-opens=java.base/java.lang=ALL-UNNAMED
22-Jan-2025 20:55:10.118 INFO [main] org.apache.catalina.startup.VersionLoggerListener.log Command line argument: --add-opens=java.base/java.io=ALL-UNNAMED
22-Jan-2025 20:55:10.119 INFO [main] org.apache.catalina.startup.VersionLoggerListener.log Command line argument: --add-opens=java.base/java.util=ALL-UNNAMED
22-Jan-2025 20:55:10.119 INFO [main] org.apache.catalina.startup.VersionLoggerListener.log Command line argument: --add-opens=java.base/java.util.concurrent=ALL-UNNAMED
22-Jan-2025 20:55:10.119 INFO [main] org.apache.catalina.startup.VersionLoggerListener.log Command line argument: --add-opens=java.rmi/sun.rmi.transport=ALL-UNNAMED
22-Jan-2025 20:55:10.120 INFO [main] org.apache.catalina.startup.VersionLoggerListener.log Command line argument: -Dcatalina.home=C:\Program Files\Apache Software Foundation\Tomcat 11.0
22-Jan-2025 20:55:10.120 INFO [main] org.apache.catalina.startup.VersionLoggerListener.log Command line argument: -Dcatalina.base=C:\Users\Ahmed Mohamed\Documents\example-projects\Amazon-El8alaba
22-Jan-2025 20:55:10.120 INFO [main] org.apache.catalina.startup.VersionLoggerListener.log Command line argument: -Djava.io.tmpdir=C:\Users\Ahmed Mohamed\Documents\example-projects\Amazon-El8alaba\temp
22-Jan-2025 20:55:10.120 INFO [main] org.apache.catalina.startup.VersionLoggerListener.log Command line argument: -Djava.util.logging.config.file=C:\Users\Ahmed Mohamed\Documents\example-projects\Amazon-El8alaba\conf\logging.properties
22-Jan-2025 20:55:10.121 INFO [main] org.apache.catalina.startup.VersionLoggerListener.log Command line argument: -Djava.util.logging.manager=org.apache.juli.ClassLoaderLogManager
22-Jan-2025 20:55:10.121 INFO [main] org.apache.catalina.startup.VersionLoggerListener.log Command line argument: -javaagent:C:\Program Files\JetBrains\IntelliJ IDEA 2024.3.1.1\lib\idea_rt.jar=6617:C:\Program Files\JetBrains\IntelliJ IDEA 2024.3.1.1\bin
22-Jan-2025 20:55:10.121 INFO [main] org.apache.catalina.startup.VersionLoggerListener.log Command line argument: -Dfile.encoding=UTF-8
22-Jan-2025 20:55:10.143 INFO [main] org.apache.catalina.core.AprLifecycleListener.lifecycleEvent The Apache Tomcat Native library which allows using OpenSSL was not found on the java.library.path: [C:\Program Files\Java\jdk-17\bin;C:\Windows\Sun\Java\bin;C:\Windows\system32;C:\Windows;C:\Program Files\Python313\Scripts\;C:\Program Files\Python313\;C:\Program Files\Common Files\Oracle\Java\javapath;C:\Windows\system32;C:\Windows;C:\Windows\System32\Wbem;C:\Windows\System32\WindowsPowerShell\v1.0\;C:\Windows\System32\OpenSSH\;C:\Program Files\Java\jdk-21\bin;C:\ProgramData\chocolatey\bin;C:\Program Files\apache-maven-3.9.9\bin;C:\Program Files\Git\cmd;C:\Program Files\Apache Software Foundation\Tomcat 11.0\bin;C:\Program Files\nodejs\;C:\Program Files\Docker\Docker\resources\bin;C:\Users\Ahmed Mohamed\AppData\Local\Microsoft\WindowsApps;C:\Users\Ahmed Mohamed\AppData\Local\Programs\Microsoft VS Code\bin;C:\Program Files\nodejs;C:\Program Files\JetBrains\IntelliJ IDEA Community Edition 2024.1.1\bin;;C:\Program Files\JetBrains\PyCharm Community Edition 2024.2.4\bin;;C:\Users\Ahmed Mohamed\AppData\Local\GitHubDesktop\bin;C:\Users\Ahmed Mohamed\AppData\Roaming\npm;C:\Program Files\JetBrains\WebStorm 2024.3.1.1\bin;;C:\Program Files\JetBrains\IntelliJ IDEA 2024.3.1.1\bin;;.]
22-Jan-2025 20:55:10.760 INFO [main] org.apache.coyote.AbstractProtocol.init Initializing ProtocolHandler ["http-nio-8080"]
22-Jan-2025 20:55:10.813 INFO [main] org.apache.catalina.startup.Catalina.load Server initialization in [1272] milliseconds
22-Jan-2025 20:55:10.998 INFO [main] org.apache.catalina.core.StandardService.startInternal Starting service [Catalina]
22-Jan-2025 20:55:10.998 INFO [main] org.apache.catalina.core.StandardEngine.startInternal Starting Servlet engine: [Apache Tomcat/11.0.0]
22-Jan-2025 20:55:11.041 INFO [main] org.apache.catalina.startup.HostConfig.deployDescriptor Deploying deployment descriptor [C:\Users\Ahmed Mohamed\Documents\example-projects\Amazon-El8alaba\conf\Catalina\localhost\ROOT.xml]
22-Jan-2025 20:55:18.793 INFO [main] org.apache.jasper.servlet.TldScanner.scanJars At least one JAR was scanned for TLDs yet contained no TLDs. Enable debug logging for this logger for a complete list of JARs that were scanned but no TLDs were found in them. Skipping unneeded JARs during scanning can improve startup time and JSP compilation time.
22-Jan-2025 20:55:18.965 INFO [main] org.apache.catalina.startup.HostConfig.deployDescriptor Deployment of deployment descriptor [C:\Users\Ahmed Mohamed\Documents\example-projects\Amazon-El8alaba\conf\Catalina\localhost\ROOT.xml] has finished in [7,924] ms
22-Jan-2025 20:55:18.976 INFO [main] org.apache.coyote.AbstractProtocol.start Starting ProtocolHandler ["http-nio-8080"]
22-Jan-2025 20:55:19.084 INFO [main] org.apache.catalina.startup.Catalina.start Server startup in [8269] milliseconds
22-Jan-2025 20:55:49.521 INFO [Thread-1] org.apache.coyote.AbstractProtocol.pause Pausing ProtocolHandler ["http-nio-8080"]
22-Jan-2025 20:55:50.213 INFO [Thread-1] org.apache.catalina.core.StandardService.stopInternal Stopping service [Catalina]
22-Jan-2025 20:55:50.233 INFO [Thread-1] org.apache.coyote.AbstractProtocol.stop Stopping ProtocolHandler ["http-nio-8080"]
22-Jan-2025 20:55:50.238 INFO [Thread-1] org.apache.coyote.AbstractProtocol.destroy Destroying ProtocolHandler ["http-nio-8080"]
22-Jan-2025 20:56:58.211 INFO [main] org.apache.catalina.startup.VersionLoggerListener.log Server version name:   Apache Tomcat/11.0.0
22-Jan-2025 20:56:58.221 INFO [main] org.apache.catalina.startup.VersionLoggerListener.log Server built:          Oct 3 2024 17:00:16 UTC
22-Jan-2025 20:56:58.222 INFO [main] org.apache.catalina.startup.VersionLoggerListener.log Server version number: 11.0.0.0
22-Jan-2025 20:56:58.223 INFO [main] org.apache.catalina.startup.VersionLoggerListener.log OS Name:               Windows 11
22-Jan-2025 20:56:58.223 INFO [main] org.apache.catalina.startup.VersionLoggerListener.log OS Version:            10.0
22-Jan-2025 20:56:58.223 INFO [main] org.apache.catalina.startup.VersionLoggerListener.log Architecture:          amd64
22-Jan-2025 20:56:58.223 INFO [main] org.apache.catalina.startup.VersionLoggerListener.log Java Home:             C:\Program Files\Java\jdk-17
22-Jan-2025 20:56:58.224 INFO [main] org.apache.catalina.startup.VersionLoggerListener.log JVM Version:           17.0.13+10-LTS-268
22-Jan-2025 20:56:58.224 INFO [main] org.apache.catalina.startup.VersionLoggerListener.log JVM Vendor:            Oracle Corporation
22-Jan-2025 20:56:58.225 INFO [main] org.apache.catalina.startup.VersionLoggerListener.log CATALINA_BASE:         C:\Users\Ahmed Mohamed\Documents\example-projects\Amazon-El8alaba
22-Jan-2025 20:56:58.225 INFO [main] org.apache.catalina.startup.VersionLoggerListener.log CATALINA_HOME:         C:\Program Files\Apache Software Foundation\Tomcat 11.0
22-Jan-2025 20:56:58.251 INFO [main] org.apache.catalina.startup.VersionLoggerListener.log Command line argument: --add-opens=java.base/java.lang=ALL-UNNAMED
22-Jan-2025 20:56:58.252 INFO [main] org.apache.catalina.startup.VersionLoggerListener.log Command line argument: --add-opens=java.base/java.io=ALL-UNNAMED
22-Jan-2025 20:56:58.252 INFO [main] org.apache.catalina.startup.VersionLoggerListener.log Command line argument: --add-opens=java.base/java.util=ALL-UNNAMED
22-Jan-2025 20:56:58.253 INFO [main] org.apache.catalina.startup.VersionLoggerListener.log Command line argument: --add-opens=java.base/java.util.concurrent=ALL-UNNAMED
22-Jan-2025 20:56:58.253 INFO [main] org.apache.catalina.startup.VersionLoggerListener.log Command line argument: --add-opens=java.rmi/sun.rmi.transport=ALL-UNNAMED
22-Jan-2025 20:56:58.254 INFO [main] org.apache.catalina.startup.VersionLoggerListener.log Command line argument: -Dcatalina.home=C:\Program Files\Apache Software Foundation\Tomcat 11.0
22-Jan-2025 20:56:58.254 INFO [main] org.apache.catalina.startup.VersionLoggerListener.log Command line argument: -Dcatalina.base=C:\Users\Ahmed Mohamed\Documents\example-projects\Amazon-El8alaba
22-Jan-2025 20:56:58.254 INFO [main] org.apache.catalina.startup.VersionLoggerListener.log Command line argument: -Djava.io.tmpdir=C:\Users\Ahmed Mohamed\Documents\example-projects\Amazon-El8alaba\temp
22-Jan-2025 20:56:58.254 INFO [main] org.apache.catalina.startup.VersionLoggerListener.log Command line argument: -Djava.util.logging.config.file=C:\Users\Ahmed Mohamed\Documents\example-projects\Amazon-El8alaba\conf\logging.properties
22-Jan-2025 20:56:58.254 INFO [main] org.apache.catalina.startup.VersionLoggerListener.log Command line argument: -Djava.util.logging.manager=org.apache.juli.ClassLoaderLogManager
22-Jan-2025 20:56:58.255 INFO [main] org.apache.catalina.startup.VersionLoggerListener.log Command line argument: -javaagent:C:\Program Files\JetBrains\IntelliJ IDEA 2024.3.1.1\lib\idea_rt.jar=6645:C:\Program Files\JetBrains\IntelliJ IDEA 2024.3.1.1\bin
22-Jan-2025 20:56:58.255 INFO [main] org.apache.catalina.startup.VersionLoggerListener.log Command line argument: -Dfile.encoding=UTF-8
22-Jan-2025 20:56:58.281 INFO [main] org.apache.catalina.core.AprLifecycleListener.lifecycleEvent The Apache Tomcat Native library which allows using OpenSSL was not found on the java.library.path: [C:\Program Files\Java\jdk-17\bin;C:\Windows\Sun\Java\bin;C:\Windows\system32;C:\Windows;C:\Program Files\Python313\Scripts\;C:\Program Files\Python313\;C:\Program Files\Common Files\Oracle\Java\javapath;C:\Windows\system32;C:\Windows;C:\Windows\System32\Wbem;C:\Windows\System32\WindowsPowerShell\v1.0\;C:\Windows\System32\OpenSSH\;C:\Program Files\Java\jdk-21\bin;C:\ProgramData\chocolatey\bin;C:\Program Files\apache-maven-3.9.9\bin;C:\Program Files\Git\cmd;C:\Program Files\Apache Software Foundation\Tomcat 11.0\bin;C:\Program Files\nodejs\;C:\Program Files\Docker\Docker\resources\bin;C:\Users\Ahmed Mohamed\AppData\Local\Microsoft\WindowsApps;C:\Users\Ahmed Mohamed\AppData\Local\Programs\Microsoft VS Code\bin;C:\Program Files\nodejs;C:\Program Files\JetBrains\IntelliJ IDEA Community Edition 2024.1.1\bin;;C:\Program Files\JetBrains\PyCharm Community Edition 2024.2.4\bin;;C:\Users\Ahmed Mohamed\AppData\Local\GitHubDesktop\bin;C:\Users\Ahmed Mohamed\AppData\Roaming\npm;C:\Program Files\JetBrains\WebStorm 2024.3.1.1\bin;;C:\Program Files\JetBrains\IntelliJ IDEA 2024.3.1.1\bin;;.]
22-Jan-2025 20:56:58.843 INFO [main] org.apache.coyote.AbstractProtocol.init Initializing ProtocolHandler ["http-nio-8080"]
22-Jan-2025 20:56:58.894 INFO [main] org.apache.catalina.startup.Catalina.load Server initialization in [1231] milliseconds
22-Jan-2025 20:56:59.052 INFO [main] org.apache.catalina.core.StandardService.startInternal Starting service [Catalina]
22-Jan-2025 20:56:59.053 INFO [main] org.apache.catalina.core.StandardEngine.startInternal Starting Servlet engine: [Apache Tomcat/11.0.0]
22-Jan-2025 20:56:59.095 INFO [main] org.apache.catalina.startup.HostConfig.deployDescriptor Deploying deployment descriptor [C:\Users\Ahmed Mohamed\Documents\example-projects\Amazon-El8alaba\conf\Catalina\localhost\products.xml]
22-Jan-2025 20:57:05.922 INFO [main] org.apache.jasper.servlet.TldScanner.scanJars At least one JAR was scanned for TLDs yet contained no TLDs. Enable debug logging for this logger for a complete list of JARs that were scanned but no TLDs were found in them. Skipping unneeded JARs during scanning can improve startup time and JSP compilation time.
22-Jan-2025 20:57:06.099 INFO [main] org.apache.catalina.startup.HostConfig.deployDescriptor Deployment of deployment descriptor [C:\Users\Ahmed Mohamed\Documents\example-projects\Amazon-El8alaba\conf\Catalina\localhost\products.xml] has finished in [7,003] ms
22-Jan-2025 20:57:06.109 INFO [main] org.apache.coyote.AbstractProtocol.start Starting ProtocolHandler ["http-nio-8080"]
22-Jan-2025 20:57:06.211 INFO [main] org.apache.catalina.startup.Catalina.start Server startup in [7315] milliseconds
22-Jan-2025 20:58:18.350 INFO [Thread-1] org.apache.coyote.AbstractProtocol.pause Pausing ProtocolHandler ["http-nio-8080"]
22-Jan-2025 20:58:19.014 INFO [Thread-1] org.apache.catalina.core.StandardService.stopInternal Stopping service [Catalina]
22-Jan-2025 20:58:19.028 INFO [Thread-1] org.apache.coyote.AbstractProtocol.stop Stopping ProtocolHandler ["http-nio-8080"]
22-Jan-2025 20:58:19.038 INFO [Thread-1] org.apache.coyote.AbstractProtocol.destroy Destroying ProtocolHandler ["http-nio-8080"]
22-Jan-2025 21:04:18.163 INFO [main] org.apache.catalina.startup.VersionLoggerListener.log Server version name:   Apache Tomcat/11.0.0
22-Jan-2025 21:04:18.176 INFO [main] org.apache.catalina.startup.VersionLoggerListener.log Server built:          Oct 3 2024 17:00:16 UTC
22-Jan-2025 21:04:18.177 INFO [main] org.apache.catalina.startup.VersionLoggerListener.log Server version number: 11.0.0.0
22-Jan-2025 21:04:18.177 INFO [main] org.apache.catalina.startup.VersionLoggerListener.log OS Name:               Windows 11
22-Jan-2025 21:04:18.179 INFO [main] org.apache.catalina.startup.VersionLoggerListener.log OS Version:            10.0
22-Jan-2025 21:04:18.179 INFO [main] org.apache.catalina.startup.VersionLoggerListener.log Architecture:          amd64
22-Jan-2025 21:04:18.179 INFO [main] org.apache.catalina.startup.VersionLoggerListener.log Java Home:             C:\Program Files\Java\jdk-17
22-Jan-2025 21:04:18.180 INFO [main] org.apache.catalina.startup.VersionLoggerListener.log JVM Version:           17.0.13+10-LTS-268
22-Jan-2025 21:04:18.180 INFO [main] org.apache.catalina.startup.VersionLoggerListener.log JVM Vendor:            Oracle Corporation
22-Jan-2025 21:04:18.181 INFO [main] org.apache.catalina.startup.VersionLoggerListener.log CATALINA_BASE:         C:\Users\Ahmed Mohamed\Documents\example-projects\Amazon-El8alaba
22-Jan-2025 21:04:18.181 INFO [main] org.apache.catalina.startup.VersionLoggerListener.log CATALINA_HOME:         C:\Program Files\Apache Software Foundation\Tomcat 11.0
22-Jan-2025 21:04:18.202 INFO [main] org.apache.catalina.startup.VersionLoggerListener.log Command line argument: --add-opens=java.base/java.lang=ALL-UNNAMED
22-Jan-2025 21:04:18.202 INFO [main] org.apache.catalina.startup.VersionLoggerListener.log Command line argument: --add-opens=java.base/java.io=ALL-UNNAMED
22-Jan-2025 21:04:18.202 INFO [main] org.apache.catalina.startup.VersionLoggerListener.log Command line argument: --add-opens=java.base/java.util=ALL-UNNAMED
22-Jan-2025 21:04:18.203 INFO [main] org.apache.catalina.startup.VersionLoggerListener.log Command line argument: --add-opens=java.base/java.util.concurrent=ALL-UNNAMED
22-Jan-2025 21:04:18.203 INFO [main] org.apache.catalina.startup.VersionLoggerListener.log Command line argument: --add-opens=java.rmi/sun.rmi.transport=ALL-UNNAMED
22-Jan-2025 21:04:18.203 INFO [main] org.apache.catalina.startup.VersionLoggerListener.log Command line argument: -Dcatalina.home=C:\Program Files\Apache Software Foundation\Tomcat 11.0
22-Jan-2025 21:04:18.203 INFO [main] org.apache.catalina.startup.VersionLoggerListener.log Command line argument: -Dcatalina.base=C:\Users\Ahmed Mohamed\Documents\example-projects\Amazon-El8alaba
22-Jan-2025 21:04:18.203 INFO [main] org.apache.catalina.startup.VersionLoggerListener.log Command line argument: -Djava.io.tmpdir=C:\Users\Ahmed Mohamed\Documents\example-projects\Amazon-El8alaba\temp
22-Jan-2025 21:04:18.203 INFO [main] org.apache.catalina.startup.VersionLoggerListener.log Command line argument: -Djava.util.logging.config.file=C:\Users\Ahmed Mohamed\Documents\example-projects\Amazon-El8alaba\conf\logging.properties
22-Jan-2025 21:04:18.203 INFO [main] org.apache.catalina.startup.VersionLoggerListener.log Command line argument: -Djava.util.logging.manager=org.apache.juli.ClassLoaderLogManager
22-Jan-2025 21:04:18.204 INFO [main] org.apache.catalina.startup.VersionLoggerListener.log Command line argument: -javaagent:C:\Program Files\JetBrains\IntelliJ IDEA 2024.3.1.1\lib\idea_rt.jar=6897:C:\Program Files\JetBrains\IntelliJ IDEA 2024.3.1.1\bin
22-Jan-2025 21:04:18.204 INFO [main] org.apache.catalina.startup.VersionLoggerListener.log Command line argument: -Dfile.encoding=UTF-8
22-Jan-2025 21:04:18.225 INFO [main] org.apache.catalina.core.AprLifecycleListener.lifecycleEvent The Apache Tomcat Native library which allows using OpenSSL was not found on the java.library.path: [C:\Program Files\Java\jdk-17\bin;C:\Windows\Sun\Java\bin;C:\Windows\system32;C:\Windows;C:\Program Files\Python313\Scripts\;C:\Program Files\Python313\;C:\Program Files\Common Files\Oracle\Java\javapath;C:\Windows\system32;C:\Windows;C:\Windows\System32\Wbem;C:\Windows\System32\WindowsPowerShell\v1.0\;C:\Windows\System32\OpenSSH\;C:\Program Files\Java\jdk-21\bin;C:\ProgramData\chocolatey\bin;C:\Program Files\apache-maven-3.9.9\bin;C:\Program Files\Git\cmd;C:\Program Files\Apache Software Foundation\Tomcat 11.0\bin;C:\Program Files\nodejs\;C:\Program Files\Docker\Docker\resources\bin;C:\Users\Ahmed Mohamed\AppData\Local\Microsoft\WindowsApps;C:\Users\Ahmed Mohamed\AppData\Local\Programs\Microsoft VS Code\bin;C:\Program Files\nodejs;C:\Program Files\JetBrains\IntelliJ IDEA Community Edition 2024.1.1\bin;;C:\Program Files\JetBrains\PyCharm Community Edition 2024.2.4\bin;;C:\Users\Ahmed Mohamed\AppData\Local\GitHubDesktop\bin;C:\Users\Ahmed Mohamed\AppData\Roaming\npm;C:\Program Files\JetBrains\WebStorm 2024.3.1.1\bin;;C:\Program Files\JetBrains\IntelliJ IDEA 2024.3.1.1\bin;;.]
22-Jan-2025 21:04:18.852 INFO [main] org.apache.coyote.AbstractProtocol.init Initializing ProtocolHandler ["http-nio-8080"]
22-Jan-2025 21:04:18.903 INFO [main] org.apache.catalina.startup.Catalina.load Server initialization in [1302] milliseconds
22-Jan-2025 21:04:19.058 INFO [main] org.apache.catalina.core.StandardService.startInternal Starting service [Catalina]
22-Jan-2025 21:04:19.059 INFO [main] org.apache.catalina.core.StandardEngine.startInternal Starting Servlet engine: [Apache Tomcat/11.0.0]
22-Jan-2025 21:04:19.106 INFO [main] org.apache.catalina.startup.HostConfig.deployDescriptor Deploying deployment descriptor [C:\Users\Ahmed Mohamed\Documents\example-projects\Amazon-El8alaba\conf\Catalina\localhost\products.xml]
22-Jan-2025 21:04:26.571 INFO [main] org.apache.jasper.servlet.TldScanner.scanJars At least one JAR was scanned for TLDs yet contained no TLDs. Enable debug logging for this logger for a complete list of JARs that were scanned but no TLDs were found in them. Skipping unneeded JARs during scanning can improve startup time and JSP compilation time.
22-Jan-2025 21:04:26.791 INFO [main] org.apache.catalina.startup.HostConfig.deployDescriptor Deployment of deployment descriptor [C:\Users\Ahmed Mohamed\Documents\example-projects\Amazon-El8alaba\conf\Catalina\localhost\products.xml] has finished in [7,685] ms
22-Jan-2025 21:04:26.802 INFO [main] org.apache.coyote.AbstractProtocol.start Starting ProtocolHandler ["http-nio-8080"]
22-Jan-2025 21:04:26.938 INFO [main] org.apache.catalina.startup.Catalina.start Server startup in [8033] milliseconds
22-Jan-2025 21:04:51.108 INFO [Thread-1] org.apache.coyote.AbstractProtocol.pause Pausing ProtocolHandler ["http-nio-8080"]
22-Jan-2025 21:04:51.732 INFO [Thread-1] org.apache.catalina.core.StandardService.stopInternal Stopping service [Catalina]
22-Jan-2025 21:04:51.757 INFO [Thread-1] org.apache.coyote.AbstractProtocol.stop Stopping ProtocolHandler ["http-nio-8080"]
22-Jan-2025 21:04:51.771 INFO [Thread-1] org.apache.coyote.AbstractProtocol.destroy Destroying ProtocolHandler ["http-nio-8080"]
